<?xml version="1.0" encoding="UTF-8"?>
<!-- Generated by org.testng.reporters.JUnitReportReporter -->
<testsuite hostname="KPS" failures="0" tests="36" name="testRunner.TestRunner" time="185.153" errors="0" timestamp="2024-08-12T21:16:30 EDT" skipped="0">
  <testcase classname="testRunner.TestRunner" name="runScenario" time="5.016"/>
  <testcase classname="testRunner.TestRunner" name="runScenario" time="4.880"/>
  <testcase classname="testRunner.TestRunner" name="runScenario" time="6.548"/>
  <testcase classname="testRunner.TestRunner" name="runScenario" time="5.123"/>
  <testcase classname="testRunner.TestRunner" name="runScenario" time="6.222"/>
  <testcase classname="testRunner.TestRunner" name="runScenario" time="4.321"/>
  <testcase classname="testRunner.TestRunner" name="runScenario" time="4.944"/>
  <testcase classname="testRunner.TestRunner" name="runScenario" time="5.656"/>
  <testcase classname="testRunner.TestRunner" name="runScenario" time="4.183"/>
  <testcase classname="testRunner.TestRunner" name="runScenario" time="5.671"/>
  <testcase classname="testRunner.TestRunner" name="runScenario" time="5.089"/>
  <testcase classname="testRunner.TestRunner" name="runScenario" time="4.876"/>
  <testcase classname="testRunner.TestRunner" name="runScenario" time="4.401"/>
  <testcase classname="testRunner.TestRunner" name="runScenario" time="5.096"/>
  <testcase classname="testRunner.TestRunner" name="runScenario" time="4.902"/>
  <testcase classname="testRunner.TestRunner" name="runScenario" time="5.472"/>
  <testcase classname="testRunner.TestRunner" name="runScenario" time="5.091"/>
  <testcase classname="testRunner.TestRunner" name="runScenario" time="5.522"/>
  <testcase classname="testRunner.TestRunner" name="runScenario" time="4.588"/>
  <testcase classname="testRunner.TestRunner" name="runScenario" time="4.904"/>
  <testcase classname="testRunner.TestRunner" name="runScenario" time="4.664"/>
  <testcase classname="testRunner.TestRunner" name="runScenario" time="5.508"/>
  <testcase classname="testRunner.TestRunner" name="runScenario" time="3.931"/>
  <testcase classname="testRunner.TestRunner" name="runScenario" time="5.236"/>
  <testcase classname="testRunner.TestRunner" name="runScenario" time="5.375"/>
  <testcase classname="testRunner.TestRunner" name="runScenario" time="5.422"/>
  <testcase classname="testRunner.TestRunner" name="runScenario" time="4.706"/>
  <testcase classname="testRunner.TestRunner" name="runScenario" time="5.840"/>
  <testcase classname="testRunner.TestRunner" name="runScenario" time="4.459"/>
  <testcase classname="testRunner.TestRunner" name="runScenario" time="7.783"/>
  <testcase classname="testRunner.TestRunner" name="runScenario" time="4.544"/>
  <testcase classname="testRunner.TestRunner" name="runScenario" time="5.131"/>
  <testcase classname="testRunner.TestRunner" name="runScenario" time="4.888"/>
  <testcase classname="testRunner.TestRunner" name="runScenario" time="5.167"/>
  <testcase classname="testRunner.TestRunner" name="runScenario" time="5.368"/>
  <testcase classname="testRunner.TestRunner" name="runScenario" time="4.626"/>
</testsuite> <!-- testRunner.TestRunner -->
