<?xml version="1.0" encoding="UTF-8"?>
<!-- Generated by org.testng.reporters.JUnitReportReporter -->
<testsuite hostname="LAPTOP-E1NRTU5J" failures="0" tests="2" name="testRunner.TestRunner" time="12.305" errors="0" timestamp="2024-08-06T21:24:00 CDT" skipped="0">
  <testcase classname="testRunner.TestRunner" name="runScenario" time="7.913"/>
  <testcase classname="testRunner.TestRunner" name="runScenario" time="4.392"/>
</testsuite> <!-- testRunner.TestRunner -->
