<?xml version="1.0" encoding="UTF-8"?>
<!-- Generated by org.testng.reporters.JUnitReportReporter -->
<testsuite hostname="KPS" failures="0" tests="2" name="testRunner.TestRunner" time="9.669" errors="0" timestamp="2024-08-07T15:47:43 EDT" skipped="0">
  <testcase classname="testRunner.TestRunner" name="runScenario" time="7.039"/>
  <testcase classname="testRunner.TestRunner" name="runScenario" time="2.630"/>
</testsuite> <!-- testRunner.TestRunner -->
