<?xml version="1.0" encoding="UTF-8"?>
<!-- Generated by org.testng.reporters.JUnitReportReporter -->
<testsuite hostname="LAPTOP-E1NRTU5J" failures="0" tests="9" name="testRunner.TestRunner" time="44.525" errors="0" timestamp="2024-08-10T22:50:22 CDT" skipped="0">
  <testcase classname="testRunner.TestRunner" name="runScenario" time="5.602"/>
  <testcase classname="testRunner.TestRunner" name="runScenario" time="4.150"/>
  <testcase classname="testRunner.TestRunner" name="runScenario" time="8.423"/>
  <testcase classname="testRunner.TestRunner" name="runScenario" time="5.053"/>
  <testcase classname="testRunner.TestRunner" name="runScenario" time="4.346"/>
  <testcase classname="testRunner.TestRunner" name="runScenario" time="4.351"/>
  <testcase classname="testRunner.TestRunner" name="runScenario" time="4.212"/>
  <testcase classname="testRunner.TestRunner" name="runScenario" time="4.003"/>
  <testcase classname="testRunner.TestRunner" name="runScenario" time="4.385"/>
</testsuite> <!-- testRunner.TestRunner -->
