<?xml version="1.0" encoding="UTF-8"?>
<!-- Generated by org.testng.reporters.JUnitReportReporter -->
<testsuite hostname="AnbuPC" failures="0" tests="9" name="testRunner.TestRunner" time="37.082" errors="0" timestamp="2024-08-12T12:48:34 EDT" skipped="0">
  <testcase classname="testRunner.TestRunner" name="runScenario" time="3.636"/>
  <testcase classname="testRunner.TestRunner" name="runScenario" time="4.824"/>
  <testcase classname="testRunner.TestRunner" name="runScenario" time="3.722"/>
  <testcase classname="testRunner.TestRunner" name="runScenario" time="3.895"/>
  <testcase classname="testRunner.TestRunner" name="runScenario" time="3.768"/>
  <testcase classname="testRunner.TestRunner" name="runScenario" time="4.298"/>
  <testcase classname="testRunner.TestRunner" name="runScenario" time="4.663"/>
  <testcase classname="testRunner.TestRunner" name="runScenario" time="4.837"/>
  <testcase classname="testRunner.TestRunner" name="runScenario" time="3.439"/>
</testsuite> <!-- testRunner.TestRunner -->
