<?xml version="1.0" encoding="UTF-8"?>
<!-- Generated by org.testng.reporters.JUnitReportReporter -->
<testsuite hostname="AnbuPC" failures="0" tests="9" name="testRunner.TestRunner" time="35.296" errors="0" timestamp="2024-08-11T17:17:02 EDT" skipped="0">
  <testcase classname="testRunner.TestRunner" name="runScenario" time="3.494"/>
  <testcase classname="testRunner.TestRunner" name="runScenario" time="4.295"/>
  <testcase classname="testRunner.TestRunner" name="runScenario" time="3.295"/>
  <testcase classname="testRunner.TestRunner" name="runScenario" time="3.558"/>
  <testcase classname="testRunner.TestRunner" name="runScenario" time="4.327"/>
  <testcase classname="testRunner.TestRunner" name="runScenario" time="3.689"/>
  <testcase classname="testRunner.TestRunner" name="runScenario" time="4.057"/>
  <testcase classname="testRunner.TestRunner" name="runScenario" time="4.445"/>
  <testcase classname="testRunner.TestRunner" name="runScenario" time="4.136"/>
</testsuite> <!-- testRunner.TestRunner -->
