<?xml version="1.0" encoding="UTF-8"?>
<!-- Generated by org.testng.reporters.JUnitReportReporter -->
<testsuite hostname="KPS" failures="0" tests="16" name="testRunner.TestRunner" time="97.799" errors="0" timestamp="2024-08-15T21:10:05 EDT" skipped="0">
  <testcase classname="testRunner.TestRunner" name="runScenario" time="8.432"/>
  <testcase classname="testRunner.TestRunner" name="runScenario" time="5.942"/>
  <testcase classname="testRunner.TestRunner" name="runScenario" time="5.821"/>
  <testcase classname="testRunner.TestRunner" name="runScenario" time="6.884"/>
  <testcase classname="testRunner.TestRunner" name="runScenario" time="5.973"/>
  <testcase classname="testRunner.TestRunner" name="runScenario" time="5.421"/>
  <testcase classname="testRunner.TestRunner" name="runScenario" time="5.358"/>
  <testcase classname="testRunner.TestRunner" name="runScenario" time="5.781"/>
  <testcase classname="testRunner.TestRunner" name="runScenario" time="6.747"/>
  <testcase classname="testRunner.TestRunner" name="runScenario" time="5.726"/>
  <testcase classname="testRunner.TestRunner" name="runScenario" time="5.489"/>
  <testcase classname="testRunner.TestRunner" name="runScenario" time="6.927"/>
  <testcase classname="testRunner.TestRunner" name="runScenario" time="4.747"/>
  <testcase classname="testRunner.TestRunner" name="runScenario" time="6.419"/>
  <testcase classname="testRunner.TestRunner" name="runScenario" time="6.771"/>
  <testcase classname="testRunner.TestRunner" name="runScenario" time="5.361"/>
</testsuite> <!-- testRunner.TestRunner -->
