<?xml version="1.0" encoding="UTF-8"?>
<!-- Generated by org.testng.reporters.JUnitReportReporter -->
<testsuite hostname="AnbuPC" failures="0" tests="25" name="testRunner.TestRunner" time="126.685" errors="0" timestamp="2024-08-13T15:38:40 EDT" skipped="0">
  <testcase classname="testRunner.TestRunner" name="runScenario" time="5.117"/>
  <testcase classname="testRunner.TestRunner" name="runScenario" time="4.434"/>
  <testcase classname="testRunner.TestRunner" name="runScenario" time="3.899"/>
  <testcase classname="testRunner.TestRunner" name="runScenario" time="4.145"/>
  <testcase classname="testRunner.TestRunner" name="runScenario" time="5.270"/>
  <testcase classname="testRunner.TestRunner" name="runScenario" time="4.355"/>
  <testcase classname="testRunner.TestRunner" name="runScenario" time="4.373"/>
  <testcase classname="testRunner.TestRunner" name="runScenario" time="4.507"/>
  <testcase classname="testRunner.TestRunner" name="runScenario" time="5.117"/>
  <testcase classname="testRunner.TestRunner" name="runScenario" time="4.623"/>
  <testcase classname="testRunner.TestRunner" name="runScenario" time="4.512"/>
  <testcase classname="testRunner.TestRunner" name="runScenario" time="4.052"/>
  <testcase classname="testRunner.TestRunner" name="runScenario" time="4.323"/>
  <testcase classname="testRunner.TestRunner" name="runScenario" time="3.648"/>
  <testcase classname="testRunner.TestRunner" name="runScenario" time="3.989"/>
  <testcase classname="testRunner.TestRunner" name="runScenario" time="13.329"/>
  <testcase classname="testRunner.TestRunner" name="runScenario" time="5.026"/>
  <testcase classname="testRunner.TestRunner" name="runScenario" time="7.065"/>
  <testcase classname="testRunner.TestRunner" name="runScenario" time="4.372"/>
  <testcase classname="testRunner.TestRunner" name="runScenario" time="4.687"/>
  <testcase classname="testRunner.TestRunner" name="runScenario" time="5.450"/>
  <testcase classname="testRunner.TestRunner" name="runScenario" time="4.375"/>
  <testcase classname="testRunner.TestRunner" name="runScenario" time="6.403"/>
  <testcase classname="testRunner.TestRunner" name="runScenario" time="4.420"/>
  <testcase classname="testRunner.TestRunner" name="runScenario" time="5.194"/>
</testsuite> <!-- testRunner.TestRunner -->
