<?xml version="1.0" encoding="UTF-8"?>
<!-- Generated by org.testng.reporters.JUnitReportReporter -->
<testsuite hostname="LAPTOP-E1NRTU5J" failures="0" tests="2" name="testRunner.TestRunner" time="14.624" errors="0" timestamp="2024-08-06T22:26:22 CDT" skipped="0">
  <testcase classname="testRunner.TestRunner" name="runScenario" time="6.554"/>
  <testcase classname="testRunner.TestRunner" name="runScenario" time="8.070"/>
</testsuite> <!-- testRunner.TestRunner -->
